[2025-04-30 21:27:00,976] multiqc                                            [DEBUG  ]  No MultiQC config found: /isg/shared/apps/MultiQC/1.9/lib/python3.6/site-packages/multiqc_config.yaml
[2025-04-30 21:27:00,976] multiqc                                            [DEBUG  ]  No MultiQC config found: /home/FCAM/cclarke/.multiqc_config.yaml
[2025-04-30 21:27:00,976] multiqc                                            [DEBUG  ]  No MultiQC config found: multiqc_config.yaml
[2025-04-30 21:27:00,976] multiqc                                            [DEBUG  ]  Command used: /isg/shared/apps/MultiQC/1.9/bin/multiqc -f -o ../../results/02_qc/fastqc_raw/multiqc ../../results/02_qc/fastqc_raw
[2025-04-30 21:27:01,442] multiqc                                            [WARNING]  MultiQC Version v1.28 now available!
[2025-04-30 21:27:01,444] multiqc                                            [INFO   ]  This is MultiQC v1.9
[2025-04-30 21:27:01,444] multiqc                                            [DEBUG  ]  Command     : /isg/shared/apps/MultiQC/1.9/bin/multiqc -f -o ../../results/02_qc/fastqc_raw/multiqc ../../results/02_qc/fastqc_raw
[2025-04-30 21:27:01,444] multiqc                                            [DEBUG  ]  Working dir : /scratch/cclarke/11_final_proj/5312-Final-Project/scripts/02_qc
[2025-04-30 21:27:01,444] multiqc                                            [INFO   ]  Template    : default
[2025-04-30 21:27:01,444] multiqc                                            [DEBUG  ]  Running Python 3.6.8 (default, Nov 16 2020, 16:55:22)  [GCC 4.8.5 20150623 (Red Hat 4.8.5-44)]
[2025-04-30 21:27:01,445] multiqc                                            [INFO   ]  Searching   : /scratch/cclarke/11_final_proj/5312-Final-Project/results/02_qc/fastqc_raw
[2025-04-30 21:27:01,446] multiqc                                            [DEBUG  ]  Analysing modules: custom_content, conpair, peddy, somalier, methylQA, mosdepth, phantompeakqualtools, qualimap, preseq, quast, qorts, rna_seqc, rockhopper, rsem, rseqc, busco, goleft_indexcov, disambiguate, supernova, deeptools, sargasso, verifybamid, mirtrace, happy, mirtop, homer, macs2, theta2, snpeff, gatk, htseq, bcftools, featureCounts, fgbio, dragen, dedup, damageprofiler, biobambam2, mtnucratio, picard, prokka, samblaster, samtools, sexdeterrmine, bamtools, jellyfish, vcftools, longranger, stacks, varscan2, bbmap, bismark, biscuit, hicexplorer, hicup, hicpro, salmon, kallisto, slamdunk, star, hisat2, tophat, bowtie2, bowtie1, snpsplit, kat, leehom, adapterRemoval, clipandmerge, cutadapt, flexbar, kaiju, kraken, malt, trimmomatic, sickle, skewer, sortmerna, biobloomtools, fastq_screen, afterqc, fastp, fastqc, pycoqc, minionqc, multivcfanalyzer, clusterflow, bcl2fastq, interop, ivar, flash, seqyclean
[2025-04-30 21:27:01,446] multiqc                                            [DEBUG  ]  Using temporary directory for creating report: /tmp/tmp71d2f86a
[2025-04-30 21:27:01,586] multiqc                                            [DEBUG  ]  Ignoring directory as matched fn_ignore_dirs: ../../results/02_qc/fastqc_raw/multiqc/multiqc_data
[2025-04-30 21:27:01,616] multiqc                                            [DEBUG  ]  File ignored by hicexplorer because it exceeded search pattern filesize limit: SRR24300332_1_fastqc.html
[2025-04-30 21:27:01,623] multiqc                                            [DEBUG  ]  File ignored by longranger/invocation because it exceeded search pattern filesize limit: SRR24300332_1_fastqc.html
[2025-04-30 21:27:01,668] multiqc                                            [DEBUG  ]  File ignored by hicexplorer because it exceeded search pattern filesize limit: SRR24300357_1_fastqc.html
[2025-04-30 21:27:01,673] multiqc                                            [DEBUG  ]  File ignored by longranger/invocation because it exceeded search pattern filesize limit: SRR24300357_1_fastqc.html
[2025-04-30 21:27:01,717] multiqc                                            [DEBUG  ]  File ignored by hicexplorer because it exceeded search pattern filesize limit: SRR24300331_1_fastqc.html
[2025-04-30 21:27:01,722] multiqc                                            [DEBUG  ]  File ignored by longranger/invocation because it exceeded search pattern filesize limit: SRR24300331_1_fastqc.html
[2025-04-30 21:27:01,766] multiqc                                            [DEBUG  ]  File ignored by hicexplorer because it exceeded search pattern filesize limit: SRR24300333_1_fastqc.html
[2025-04-30 21:27:01,771] multiqc                                            [DEBUG  ]  File ignored by longranger/invocation because it exceeded search pattern filesize limit: SRR24300333_1_fastqc.html
[2025-04-30 21:27:01,817] multiqc                                            [DEBUG  ]  File ignored by hicexplorer because it exceeded search pattern filesize limit: SRR24300350_1_fastqc.html
[2025-04-30 21:27:01,822] multiqc                                            [DEBUG  ]  File ignored by longranger/invocation because it exceeded search pattern filesize limit: SRR24300350_1_fastqc.html
[2025-04-30 21:27:01,867] multiqc                                            [DEBUG  ]  File ignored by hicexplorer because it exceeded search pattern filesize limit: SRR24300335_1_fastqc.html
[2025-04-30 21:27:01,872] multiqc                                            [DEBUG  ]  File ignored by longranger/invocation because it exceeded search pattern filesize limit: SRR24300335_1_fastqc.html
[2025-04-30 21:27:01,917] multiqc                                            [DEBUG  ]  File ignored by hicexplorer because it exceeded search pattern filesize limit: SRR24300349_1_fastqc.html
[2025-04-30 21:27:01,923] multiqc                                            [DEBUG  ]  File ignored by longranger/invocation because it exceeded search pattern filesize limit: SRR24300349_1_fastqc.html
[2025-04-30 21:27:01,957] multiqc                                            [DEBUG  ]  Ignoring file as matched an ignore pattern: multiqc_report.html
[2025-04-30 21:27:02,498] multiqc.plots.bargraph                             [DEBUG  ]  Using matplotlib version 3.3.1
[2025-04-30 21:27:02,499] multiqc.plots.linegraph                            [DEBUG  ]  Using matplotlib version 3.3.1
[2025-04-30 21:27:02,501] multiqc                                            [DEBUG  ]  No samples found: custom_content
[2025-04-30 21:27:02,507] multiqc                                            [DEBUG  ]  No samples found: conpair
[2025-04-30 21:27:02,513] multiqc                                            [DEBUG  ]  No samples found: peddy
[2025-04-30 21:27:02,518] multiqc                                            [DEBUG  ]  No samples found: somalier
[2025-04-30 21:27:02,523] multiqc                                            [DEBUG  ]  No samples found: methylQA
[2025-04-30 21:27:02,531] multiqc                                            [DEBUG  ]  No samples found: mosdepth
[2025-04-30 21:27:02,537] multiqc                                            [DEBUG  ]  No samples found: phantompeakqualtools
[2025-04-30 21:27:02,542] multiqc                                            [DEBUG  ]  No samples found: qualimap
[2025-04-30 21:27:02,548] multiqc                                            [DEBUG  ]  No samples found: preseq
[2025-04-30 21:27:02,553] multiqc                                            [DEBUG  ]  No samples found: quast
[2025-04-30 21:27:02,558] multiqc                                            [DEBUG  ]  No samples found: qorts
[2025-04-30 21:27:02,563] multiqc                                            [DEBUG  ]  No samples found: rna_seqc
[2025-04-30 21:27:02,568] multiqc                                            [DEBUG  ]  No samples found: rockhopper
[2025-04-30 21:27:02,574] multiqc                                            [DEBUG  ]  No samples found: rsem
[2025-04-30 21:27:02,586] multiqc                                            [DEBUG  ]  No samples found: rseqc
[2025-04-30 21:27:02,592] multiqc                                            [DEBUG  ]  No samples found: busco
[2025-04-30 21:27:02,599] multiqc                                            [DEBUG  ]  No samples found: goleft_indexcov
[2025-04-30 21:27:02,605] multiqc                                            [DEBUG  ]  No samples found: disambiguate
[2025-04-30 21:27:02,611] multiqc                                            [DEBUG  ]  No samples found: supernova
[2025-04-30 21:27:02,625] multiqc                                            [DEBUG  ]  No samples found: deeptools
[2025-04-30 21:27:02,632] multiqc                                            [DEBUG  ]  No samples found: sargasso
[2025-04-30 21:27:02,639] multiqc                                            [DEBUG  ]  No samples found: verifybamid
[2025-04-30 21:27:02,646] multiqc                                            [DEBUG  ]  No samples found: mirtrace
[2025-04-30 21:27:02,655] multiqc                                            [DEBUG  ]  No samples found: happy
[2025-04-30 21:27:02,661] multiqc                                            [DEBUG  ]  No samples found: mirtop
[2025-04-30 21:27:02,669] multiqc                                            [DEBUG  ]  No samples found: homer
[2025-04-30 21:27:02,675] multiqc                                            [DEBUG  ]  No samples found: macs2
[2025-04-30 21:27:02,682] multiqc                                            [DEBUG  ]  No samples found: theta2
[2025-04-30 21:27:02,690] multiqc                                            [DEBUG  ]  No samples found: snpeff
[2025-04-30 21:27:02,699] multiqc                                            [DEBUG  ]  No samples found: gatk
[2025-04-30 21:27:02,706] multiqc                                            [DEBUG  ]  No samples found: htseq
[2025-04-30 21:27:02,712] multiqc                                            [DEBUG  ]  No samples found: bcftools
[2025-04-30 21:27:02,718] multiqc                                            [DEBUG  ]  No samples found: featureCounts
[2025-04-30 21:27:02,726] multiqc                                            [DEBUG  ]  No samples found: fgbio
[2025-04-30 21:27:02,739] multiqc                                            [DEBUG  ]  No samples found: dragen
[2025-04-30 21:27:02,745] multiqc                                            [DEBUG  ]  No samples found: dedup
[2025-04-30 21:27:02,752] multiqc                                            [DEBUG  ]  No samples found: damageprofiler
[2025-04-30 21:27:02,778] multiqc                                            [DEBUG  ]  No samples found: biobambam2
[2025-04-30 21:27:02,792] multiqc                                            [DEBUG  ]  No samples found: mtnucratio
[2025-04-30 21:27:02,798] multiqc                                            [DEBUG  ]  No samples found: picard
[2025-04-30 21:27:02,806] multiqc                                            [DEBUG  ]  No samples found: prokka
[2025-04-30 21:27:02,812] multiqc                                            [DEBUG  ]  No samples found: samblaster
[2025-04-30 21:27:02,822] multiqc                                            [DEBUG  ]  No samples found: samtools
[2025-04-30 21:27:02,832] multiqc                                            [DEBUG  ]  No samples found: sexdeterrmine
[2025-04-30 21:27:02,840] multiqc                                            [DEBUG  ]  No samples found: bamtools
[2025-04-30 21:27:02,847] multiqc                                            [DEBUG  ]  No samples found: jellyfish
[2025-04-30 21:27:02,860] multiqc                                            [DEBUG  ]  No samples found: vcftools
[2025-04-30 21:27:02,868] multiqc                                            [DEBUG  ]  No samples found: longranger
[2025-04-30 21:27:02,876] multiqc                                            [DEBUG  ]  No samples found: stacks
[2025-04-30 21:27:02,883] multiqc                                            [DEBUG  ]  No samples found: varscan2
[2025-04-30 21:27:02,903] multiqc                                            [DEBUG  ]  No samples found: bbmap
[2025-04-30 21:27:02,912] multiqc                                            [DEBUG  ]  No samples found: bismark
[2025-04-30 21:27:02,922] multiqc                                            [DEBUG  ]  No samples found: biscuit
[2025-04-30 21:27:02,929] multiqc                                            [DEBUG  ]  No samples found: hicexplorer
[2025-04-30 21:27:02,936] multiqc                                            [DEBUG  ]  No samples found: hicup
[2025-04-30 21:27:02,943] multiqc                                            [DEBUG  ]  No samples found: hicpro
[2025-04-30 21:27:02,949] multiqc                                            [DEBUG  ]  No samples found: salmon
[2025-04-30 21:27:02,955] multiqc                                            [DEBUG  ]  No samples found: kallisto
[2025-04-30 21:27:02,960] multiqc                                            [DEBUG  ]  No samples found: slamdunk
[2025-04-30 21:27:02,966] multiqc                                            [DEBUG  ]  No samples found: star
[2025-04-30 21:27:02,971] multiqc                                            [DEBUG  ]  No samples found: hisat2
[2025-04-30 21:27:02,976] multiqc                                            [DEBUG  ]  No samples found: tophat
[2025-04-30 21:27:02,981] multiqc                                            [DEBUG  ]  No samples found: bowtie2
[2025-04-30 21:27:02,986] multiqc                                            [DEBUG  ]  No samples found: bowtie1
[2025-04-30 21:27:02,991] multiqc                                            [DEBUG  ]  No samples found: snpsplit
[2025-04-30 21:27:02,996] multiqc                                            [DEBUG  ]  No samples found: kat
[2025-04-30 21:27:03,001] multiqc                                            [DEBUG  ]  No samples found: leehom
[2025-04-30 21:27:03,006] multiqc                                            [DEBUG  ]  No samples found: adapterRemoval
[2025-04-30 21:27:03,011] multiqc                                            [DEBUG  ]  No samples found: clipandmerge
[2025-04-30 21:27:03,016] multiqc                                            [DEBUG  ]  No samples found: cutadapt
[2025-04-30 21:27:03,021] multiqc                                            [DEBUG  ]  No samples found: flexbar
[2025-04-30 21:27:03,026] multiqc                                            [DEBUG  ]  No samples found: kaiju
[2025-04-30 21:27:03,031] multiqc                                            [DEBUG  ]  No samples found: kraken
[2025-04-30 21:27:03,036] multiqc                                            [DEBUG  ]  No samples found: malt
[2025-04-30 21:27:03,041] multiqc                                            [DEBUG  ]  No samples found: trimmomatic
[2025-04-30 21:27:03,046] multiqc                                            [DEBUG  ]  No samples found: sickle
[2025-04-30 21:27:03,051] multiqc                                            [DEBUG  ]  No samples found: skewer
[2025-04-30 21:27:03,056] multiqc                                            [DEBUG  ]  No samples found: sortmerna
[2025-04-30 21:27:03,061] multiqc                                            [DEBUG  ]  No samples found: biobloomtools
[2025-04-30 21:27:03,066] multiqc                                            [DEBUG  ]  No samples found: fastq_screen
[2025-04-30 21:27:03,071] multiqc                                            [DEBUG  ]  No samples found: afterqc
[2025-04-30 21:27:03,076] multiqc                                            [DEBUG  ]  No samples found: fastp
[2025-04-30 21:27:03,403] multiqc.modules.fastqc.fastqc                      [INFO   ]  Found 7 reports
[2025-04-30 21:27:03,553] multiqc                                            [DEBUG  ]  No samples found: pycoqc
[2025-04-30 21:27:03,560] multiqc                                            [DEBUG  ]  No samples found: minionqc
[2025-04-30 21:27:03,565] multiqc                                            [DEBUG  ]  No samples found: multivcfanalyzer
[2025-04-30 21:27:03,570] multiqc                                            [DEBUG  ]  No samples found: clusterflow
[2025-04-30 21:27:03,575] multiqc                                            [DEBUG  ]  No samples found: bcl2fastq
[2025-04-30 21:27:03,580] multiqc                                            [DEBUG  ]  No samples found: interop
[2025-04-30 21:27:03,585] multiqc                                            [DEBUG  ]  No samples found: ivar
[2025-04-30 21:27:03,590] multiqc                                            [DEBUG  ]  No samples found: flash
[2025-04-30 21:27:03,595] multiqc                                            [DEBUG  ]  No samples found: seqyclean
[2025-04-30 21:27:03,605] multiqc                                            [INFO   ]  Compressing plot data
[2025-04-30 21:27:03,707] multiqc                                            [WARNING]  Deleting    : ../../results/02_qc/fastqc_raw/multiqc/multiqc_report.html   (-f was specified)
[2025-04-30 21:27:03,710] multiqc                                            [WARNING]  Deleting    : ../../results/02_qc/fastqc_raw/multiqc/multiqc_data   (-f was specified)
[2025-04-30 21:27:03,720] multiqc                                            [INFO   ]  Report      : ../../results/02_qc/fastqc_raw/multiqc/multiqc_report.html
[2025-04-30 21:27:03,720] multiqc                                            [INFO   ]  Data        : ../../results/02_qc/fastqc_raw/multiqc/multiqc_data
[2025-04-30 21:27:03,720] multiqc                                            [DEBUG  ]  Moving data file from '/tmp/tmp71d2f86a/multiqc_data' to '../../results/02_qc/fastqc_raw/multiqc/multiqc_data'
[2025-04-30 21:27:03,907] multiqc                                            [INFO   ]  MultiQC complete
