Started analysis of SRR24300331_trim.1.fq.gz
Started analysis of SRR24300332_trim.1.fq.gz
Started analysis of SRR24300333_trim.1.fq.gz
Started analysis of SRR24300335_trim.1.fq.gz
Started analysis of SRR24300349_trim.1.fq.gz
Started analysis of SRR24300350_trim.1.fq.gz
Approx 5% complete for SRR24300332_trim.1.fq.gz
Approx 5% complete for SRR24300331_trim.1.fq.gz
Approx 5% complete for SRR24300333_trim.1.fq.gz
Approx 5% complete for SRR24300335_trim.1.fq.gz
Approx 5% complete for SRR24300350_trim.1.fq.gz
Approx 5% complete for SRR24300349_trim.1.fq.gz
Approx 10% complete for SRR24300332_trim.1.fq.gz
Approx 10% complete for SRR24300331_trim.1.fq.gz
Approx 10% complete for SRR24300333_trim.1.fq.gz
Approx 10% complete for SRR24300335_trim.1.fq.gz
Approx 15% complete for SRR24300331_trim.1.fq.gz
Approx 15% complete for SRR24300332_trim.1.fq.gz
Approx 10% complete for SRR24300350_trim.1.fq.gz
Approx 15% complete for SRR24300333_trim.1.fq.gz
Approx 10% complete for SRR24300349_trim.1.fq.gz
Approx 15% complete for SRR24300335_trim.1.fq.gz
Approx 20% complete for SRR24300331_trim.1.fq.gz
Approx 20% complete for SRR24300332_trim.1.fq.gz
Approx 20% complete for SRR24300333_trim.1.fq.gz
Approx 15% complete for SRR24300350_trim.1.fq.gz
Approx 20% complete for SRR24300335_trim.1.fq.gz
Approx 25% complete for SRR24300331_trim.1.fq.gz
Approx 25% complete for SRR24300332_trim.1.fq.gz
Approx 15% complete for SRR24300349_trim.1.fq.gz
Approx 25% complete for SRR24300333_trim.1.fq.gz
Approx 30% complete for SRR24300331_trim.1.fq.gz
Approx 30% complete for SRR24300332_trim.1.fq.gz
Approx 25% complete for SRR24300335_trim.1.fq.gz
Approx 20% complete for SRR24300350_trim.1.fq.gz
Approx 30% complete for SRR24300333_trim.1.fq.gz
Approx 20% complete for SRR24300349_trim.1.fq.gz
Approx 35% complete for SRR24300331_trim.1.fq.gz
Approx 35% complete for SRR24300332_trim.1.fq.gz
Approx 30% complete for SRR24300335_trim.1.fq.gz
Approx 25% complete for SRR24300350_trim.1.fq.gz
Approx 35% complete for SRR24300333_trim.1.fq.gz
Approx 40% complete for SRR24300331_trim.1.fq.gz
Approx 40% complete for SRR24300332_trim.1.fq.gz
Approx 25% complete for SRR24300349_trim.1.fq.gz
Approx 35% complete for SRR24300335_trim.1.fq.gz
Approx 45% complete for SRR24300331_trim.1.fq.gz
Approx 40% complete for SRR24300333_trim.1.fq.gz
Approx 45% complete for SRR24300332_trim.1.fq.gz
Approx 30% complete for SRR24300350_trim.1.fq.gz
Approx 40% complete for SRR24300335_trim.1.fq.gz
Approx 50% complete for SRR24300331_trim.1.fq.gz
Approx 50% complete for SRR24300332_trim.1.fq.gz
Approx 45% complete for SRR24300333_trim.1.fq.gz
Approx 30% complete for SRR24300349_trim.1.fq.gz
Approx 35% complete for SRR24300350_trim.1.fq.gz
Approx 55% complete for SRR24300331_trim.1.fq.gz
Approx 45% complete for SRR24300335_trim.1.fq.gz
Approx 55% complete for SRR24300332_trim.1.fq.gz
Approx 50% complete for SRR24300333_trim.1.fq.gz
Approx 35% complete for SRR24300349_trim.1.fq.gz
Approx 60% complete for SRR24300331_trim.1.fq.gz
Approx 60% complete for SRR24300332_trim.1.fq.gz
Approx 50% complete for SRR24300335_trim.1.fq.gz
Approx 55% complete for SRR24300333_trim.1.fq.gz
Approx 40% complete for SRR24300350_trim.1.fq.gz
Approx 65% complete for SRR24300331_trim.1.fq.gz
Approx 65% complete for SRR24300332_trim.1.fq.gz
Approx 60% complete for SRR24300333_trim.1.fq.gz
Approx 55% complete for SRR24300335_trim.1.fq.gz
Approx 40% complete for SRR24300349_trim.1.fq.gz
Approx 45% complete for SRR24300350_trim.1.fq.gz
Approx 70% complete for SRR24300331_trim.1.fq.gz
Approx 70% complete for SRR24300332_trim.1.fq.gz
Approx 65% complete for SRR24300333_trim.1.fq.gz
Approx 60% complete for SRR24300335_trim.1.fq.gz
Approx 75% complete for SRR24300331_trim.1.fq.gz
Approx 75% complete for SRR24300332_trim.1.fq.gz
Approx 45% complete for SRR24300349_trim.1.fq.gz
Approx 50% complete for SRR24300350_trim.1.fq.gz
Approx 70% complete for SRR24300333_trim.1.fq.gz
Approx 65% complete for SRR24300335_trim.1.fq.gz
Approx 80% complete for SRR24300331_trim.1.fq.gz
Approx 80% complete for SRR24300332_trim.1.fq.gz
Approx 75% complete for SRR24300333_trim.1.fq.gz
Approx 50% complete for SRR24300349_trim.1.fq.gz
Approx 55% complete for SRR24300350_trim.1.fq.gz
Approx 85% complete for SRR24300331_trim.1.fq.gz
Approx 85% complete for SRR24300332_trim.1.fq.gz
Approx 70% complete for SRR24300335_trim.1.fq.gz
Approx 80% complete for SRR24300333_trim.1.fq.gz
Approx 90% complete for SRR24300331_trim.1.fq.gz
Approx 90% complete for SRR24300332_trim.1.fq.gz
Approx 60% complete for SRR24300350_trim.1.fq.gz
Approx 75% complete for SRR24300335_trim.1.fq.gz
Approx 55% complete for SRR24300349_trim.1.fq.gz
Approx 95% complete for SRR24300331_trim.1.fq.gz
Approx 85% complete for SRR24300333_trim.1.fq.gz
Approx 95% complete for SRR24300332_trim.1.fq.gz
Approx 80% complete for SRR24300335_trim.1.fq.gz
Approx 65% complete for SRR24300350_trim.1.fq.gz
Approx 100% complete for SRR24300331_trim.1.fq.gz
Approx 100% complete for SRR24300332_trim.1.fq.gz
Approx 60% complete for SRR24300349_trim.1.fq.gz
Approx 90% complete for SRR24300333_trim.1.fq.gz
Approx 85% complete for SRR24300335_trim.1.fq.gz
It seems our guess for the total number of records wasn't very good.  Sorry about that.
Still going at 105% complete for SRR24300331_trim.1.fq.gz
java.io.EOFException: Unexpected end of ZLIB input stream
	at java.util.zip.InflaterInputStream.fill(InflaterInputStream.java:240)
	at java.util.zip.InflaterInputStream.read(InflaterInputStream.java:158)
	at java.util.zip.GZIPInputStream.read(GZIPInputStream.java:117)
	at uk.ac.babraham.FastQC.Utilities.MultiMemberGZIPInputStream.read(MultiMemberGZIPInputStream.java:68)
	at sun.nio.cs.StreamDecoder.readBytes(StreamDecoder.java:284)
	at sun.nio.cs.StreamDecoder.implRead(StreamDecoder.java:326)
	at sun.nio.cs.StreamDecoder.read(StreamDecoder.java:178)
	at java.io.InputStreamReader.read(InputStreamReader.java:184)
	at java.io.BufferedReader.fill(BufferedReader.java:161)
	at java.io.BufferedReader.readLine(BufferedReader.java:324)
	at java.io.BufferedReader.readLine(BufferedReader.java:389)
	at uk.ac.babraham.FastQC.Sequence.FastQFile.readNext(FastQFile.java:138)
	at uk.ac.babraham.FastQC.Sequence.FastQFile.next(FastQFile.java:125)
	at uk.ac.babraham.FastQC.Analysis.AnalysisRunner.run(AnalysisRunner.java:76)
	at java.lang.Thread.run(Thread.java:748)
It seems our guess for the total number of records wasn't very good.  Sorry about that.
Still going at 105% complete for SRR24300332_trim.1.fq.gz
Started analysis of SRR24300357_trim.1.fq.gz
Failed to process file SRR24300332_trim.1.fq.gz
uk.ac.babraham.FastQC.Sequence.SequenceFormatException: Ran out of data in the middle of a fastq entry.  Your file is probably truncated
	at uk.ac.babraham.FastQC.Sequence.FastQFile.readNext(FastQFile.java:179)
	at uk.ac.babraham.FastQC.Sequence.FastQFile.next(FastQFile.java:125)
	at uk.ac.babraham.FastQC.Analysis.AnalysisRunner.run(AnalysisRunner.java:76)
	at java.lang.Thread.run(Thread.java:748)
Approx 95% complete for SRR24300333_trim.1.fq.gz
Approx 70% complete for SRR24300350_trim.1.fq.gz
Approx 65% complete for SRR24300349_trim.1.fq.gz
Approx 90% complete for SRR24300335_trim.1.fq.gz
Approx 5% complete for SRR24300357_trim.1.fq.gz
Approx 75% complete for SRR24300350_trim.1.fq.gz
Approx 95% complete for SRR24300335_trim.1.fq.gz
Approx 70% complete for SRR24300349_trim.1.fq.gz
Approx 80% complete for SRR24300350_trim.1.fq.gz
Approx 10% complete for SRR24300357_trim.1.fq.gz
Approx 75% complete for SRR24300349_trim.1.fq.gz
Approx 85% complete for SRR24300350_trim.1.fq.gz
Approx 15% complete for SRR24300357_trim.1.fq.gz
Approx 80% complete for SRR24300349_trim.1.fq.gz
Approx 90% complete for SRR24300350_trim.1.fq.gz
Approx 20% complete for SRR24300357_trim.1.fq.gz
Approx 85% complete for SRR24300349_trim.1.fq.gz
Approx 95% complete for SRR24300350_trim.1.fq.gz
Approx 25% complete for SRR24300357_trim.1.fq.gz
Approx 90% complete for SRR24300349_trim.1.fq.gz
Approx 100% complete for SRR24300350_trim.1.fq.gz
Approx 30% complete for SRR24300357_trim.1.fq.gz
Approx 95% complete for SRR24300349_trim.1.fq.gz
It seems our guess for the total number of records wasn't very good.  Sorry about that.
Still going at 105% complete for SRR24300350_trim.1.fq.gz
Approx 35% complete for SRR24300357_trim.1.fq.gz
java.io.EOFException: Unexpected end of ZLIB input stream
	at java.util.zip.InflaterInputStream.fill(InflaterInputStream.java:240)
	at java.util.zip.InflaterInputStream.read(InflaterInputStream.java:158)
	at java.util.zip.GZIPInputStream.read(GZIPInputStream.java:117)
	at uk.ac.babraham.FastQC.Utilities.MultiMemberGZIPInputStream.read(MultiMemberGZIPInputStream.java:68)
	at sun.nio.cs.StreamDecoder.readBytes(StreamDecoder.java:284)
	at sun.nio.cs.StreamDecoder.implRead(StreamDecoder.java:326)
	at sun.nio.cs.StreamDecoder.read(StreamDecoder.java:178)
	at java.io.InputStreamReader.read(InputStreamReader.java:184)
	at java.io.BufferedReader.fill(BufferedReader.java:161)
	at java.io.BufferedReader.readLine(BufferedReader.java:324)
	at java.io.BufferedReader.readLine(BufferedReader.java:389)
	at uk.ac.babraham.FastQC.Sequence.FastQFile.readNext(FastQFile.java:138)
	at uk.ac.babraham.FastQC.Sequence.FastQFile.next(FastQFile.java:125)
	at uk.ac.babraham.FastQC.Analysis.AnalysisRunner.run(AnalysisRunner.java:76)
	at java.lang.Thread.run(Thread.java:748)
Approx 100% complete for SRR24300349_trim.1.fq.gz
Approx 40% complete for SRR24300357_trim.1.fq.gz
It seems our guess for the total number of records wasn't very good.  Sorry about that.
Still going at 105% complete for SRR24300349_trim.1.fq.gz
Approx 45% complete for SRR24300357_trim.1.fq.gz
Failed to process file SRR24300349_trim.1.fq.gz
uk.ac.babraham.FastQC.Sequence.SequenceFormatException: Ran out of data in the middle of a fastq entry.  Your file is probably truncated
	at uk.ac.babraham.FastQC.Sequence.FastQFile.readNext(FastQFile.java:179)
	at uk.ac.babraham.FastQC.Sequence.FastQFile.next(FastQFile.java:125)
	at uk.ac.babraham.FastQC.Analysis.AnalysisRunner.run(AnalysisRunner.java:76)
	at java.lang.Thread.run(Thread.java:748)
Approx 50% complete for SRR24300357_trim.1.fq.gz
Approx 55% complete for SRR24300357_trim.1.fq.gz
Approx 60% complete for SRR24300357_trim.1.fq.gz
Approx 65% complete for SRR24300357_trim.1.fq.gz
Approx 70% complete for SRR24300357_trim.1.fq.gz
Approx 75% complete for SRR24300357_trim.1.fq.gz
Approx 80% complete for SRR24300357_trim.1.fq.gz
Approx 85% complete for SRR24300357_trim.1.fq.gz
Approx 90% complete for SRR24300357_trim.1.fq.gz
Approx 95% complete for SRR24300357_trim.1.fq.gz
Approx 100% complete for SRR24300357_trim.1.fq.gz
It seems our guess for the total number of records wasn't very good.  Sorry about that.
Still going at 105% complete for SRR24300357_trim.1.fq.gz
Still going at 110% complete for SRR24300357_trim.1.fq.gz
Failed to process file SRR24300357_trim.1.fq.gz
uk.ac.babraham.FastQC.Sequence.SequenceFormatException: Ran out of data in the middle of a fastq entry.  Your file is probably truncated
	at uk.ac.babraham.FastQC.Sequence.FastQFile.readNext(FastQFile.java:179)
	at uk.ac.babraham.FastQC.Sequence.FastQFile.next(FastQFile.java:125)
	at uk.ac.babraham.FastQC.Analysis.AnalysisRunner.run(AnalysisRunner.java:76)
	at java.lang.Thread.run(Thread.java:748)
Started analysis of SRR24300331_trim.2.fq.gz
Started analysis of SRR24300332_trim.2.fq.gz
Started analysis of SRR24300333_trim.2.fq.gz
Started analysis of SRR24300335_trim.2.fq.gz
Started analysis of SRR24300349_trim.2.fq.gz
Started analysis of SRR24300350_trim.2.fq.gz
Approx 5% complete for SRR24300333_trim.2.fq.gz
Approx 5% complete for SRR24300332_trim.2.fq.gz
Approx 5% complete for SRR24300331_trim.2.fq.gz
Approx 5% complete for SRR24300335_trim.2.fq.gz
Approx 5% complete for SRR24300350_trim.2.fq.gz
Approx 5% complete for SRR24300349_trim.2.fq.gz
Approx 10% complete for SRR24300333_trim.2.fq.gz
Approx 10% complete for SRR24300332_trim.2.fq.gz
Approx 10% complete for SRR24300331_trim.2.fq.gz
Approx 10% complete for SRR24300335_trim.2.fq.gz
Approx 15% complete for SRR24300333_trim.2.fq.gz
Approx 15% complete for SRR24300332_trim.2.fq.gz
Approx 15% complete for SRR24300331_trim.2.fq.gz
Approx 10% complete for SRR24300350_trim.2.fq.gz
Approx 15% complete for SRR24300335_trim.2.fq.gz
Approx 10% complete for SRR24300349_trim.2.fq.gz
Approx 20% complete for SRR24300332_trim.2.fq.gz
Approx 20% complete for SRR24300333_trim.2.fq.gz
Approx 20% complete for SRR24300331_trim.2.fq.gz
Approx 20% complete for SRR24300335_trim.2.fq.gz
Approx 15% complete for SRR24300350_trim.2.fq.gz
Approx 25% complete for SRR24300332_trim.2.fq.gz
Approx 25% complete for SRR24300333_trim.2.fq.gz
Approx 15% complete for SRR24300349_trim.2.fq.gz
Approx 25% complete for SRR24300331_trim.2.fq.gz
Approx 25% complete for SRR24300335_trim.2.fq.gz
Approx 30% complete for SRR24300332_trim.2.fq.gz
Approx 30% complete for SRR24300333_trim.2.fq.gz
Approx 20% complete for SRR24300350_trim.2.fq.gz
Approx 30% complete for SRR24300331_trim.2.fq.gz
Approx 30% complete for SRR24300335_trim.2.fq.gz
Approx 35% complete for SRR24300332_trim.2.fq.gz
Approx 20% complete for SRR24300349_trim.2.fq.gz
Approx 35% complete for SRR24300333_trim.2.fq.gz
Approx 35% complete for SRR24300331_trim.2.fq.gz
Approx 35% complete for SRR24300335_trim.2.fq.gz
Approx 40% complete for SRR24300332_trim.2.fq.gz
Approx 25% complete for SRR24300350_trim.2.fq.gz
Approx 40% complete for SRR24300333_trim.2.fq.gz
Approx 40% complete for SRR24300331_trim.2.fq.gz
Approx 25% complete for SRR24300349_trim.2.fq.gz
Approx 45% complete for SRR24300332_trim.2.fq.gz
Approx 40% complete for SRR24300335_trim.2.fq.gz
Approx 45% complete for SRR24300333_trim.2.fq.gz
Approx 45% complete for SRR24300331_trim.2.fq.gz
Approx 30% complete for SRR24300350_trim.2.fq.gz
Approx 50% complete for SRR24300332_trim.2.fq.gz
Approx 45% complete for SRR24300335_trim.2.fq.gz
Approx 50% complete for SRR24300333_trim.2.fq.gz
Approx 30% complete for SRR24300349_trim.2.fq.gz
Approx 55% complete for SRR24300332_trim.2.fq.gz
Approx 50% complete for SRR24300331_trim.2.fq.gz
Approx 55% complete for SRR24300333_trim.2.fq.gz
Approx 50% complete for SRR24300335_trim.2.fq.gz
Approx 35% complete for SRR24300350_trim.2.fq.gz
Approx 60% complete for SRR24300332_trim.2.fq.gz
Approx 55% complete for SRR24300331_trim.2.fq.gz
Approx 60% complete for SRR24300333_trim.2.fq.gz
Approx 35% complete for SRR24300349_trim.2.fq.gz
Approx 55% complete for SRR24300335_trim.2.fq.gz
Approx 65% complete for SRR24300332_trim.2.fq.gz
Approx 60% complete for SRR24300331_trim.2.fq.gz
Approx 40% complete for SRR24300350_trim.2.fq.gz
Approx 65% complete for SRR24300333_trim.2.fq.gz
Approx 60% complete for SRR24300335_trim.2.fq.gz
Approx 70% complete for SRR24300332_trim.2.fq.gz
Approx 65% complete for SRR24300331_trim.2.fq.gz
Approx 40% complete for SRR24300349_trim.2.fq.gz
Approx 70% complete for SRR24300333_trim.2.fq.gz
Approx 75% complete for SRR24300332_trim.2.fq.gz
Approx 45% complete for SRR24300350_trim.2.fq.gz
Approx 65% complete for SRR24300335_trim.2.fq.gz
Approx 70% complete for SRR24300331_trim.2.fq.gz
Approx 75% complete for SRR24300333_trim.2.fq.gz
Approx 80% complete for SRR24300332_trim.2.fq.gz
Approx 70% complete for SRR24300335_trim.2.fq.gz
Approx 45% complete for SRR24300349_trim.2.fq.gz
Approx 75% complete for SRR24300331_trim.2.fq.gz
Approx 50% complete for SRR24300350_trim.2.fq.gz
Approx 80% complete for SRR24300333_trim.2.fq.gz
Approx 85% complete for SRR24300332_trim.2.fq.gz
Approx 75% complete for SRR24300335_trim.2.fq.gz
Approx 80% complete for SRR24300331_trim.2.fq.gz
Approx 85% complete for SRR24300333_trim.2.fq.gz
Approx 90% complete for SRR24300332_trim.2.fq.gz
Approx 50% complete for SRR24300349_trim.2.fq.gz
Approx 55% complete for SRR24300350_trim.2.fq.gz
Approx 80% complete for SRR24300335_trim.2.fq.gz
Approx 85% complete for SRR24300331_trim.2.fq.gz
Approx 95% complete for SRR24300332_trim.2.fq.gz
Approx 90% complete for SRR24300333_trim.2.fq.gz
Approx 85% complete for SRR24300335_trim.2.fq.gz
Approx 100% complete for SRR24300332_trim.2.fq.gz
Approx 90% complete for SRR24300331_trim.2.fq.gz
Approx 55% complete for SRR24300349_trim.2.fq.gz
Approx 95% complete for SRR24300333_trim.2.fq.gz
Approx 60% complete for SRR24300350_trim.2.fq.gz
Started analysis of SRR24300357_trim.2.fq.gz
Approx 90% complete for SRR24300335_trim.2.fq.gz
Approx 95% complete for SRR24300331_trim.2.fq.gz
Approx 5% complete for SRR24300357_trim.2.fq.gz
Approx 65% complete for SRR24300350_trim.2.fq.gz
Approx 60% complete for SRR24300349_trim.2.fq.gz
Approx 95% complete for SRR24300335_trim.2.fq.gz
Approx 100% complete for SRR24300331_trim.2.fq.gz
Approx 10% complete for SRR24300357_trim.2.fq.gz
It seems our guess for the total number of records wasn't very good.  Sorry about that.
Still going at 105% complete for SRR24300331_trim.2.fq.gz
Approx 70% complete for SRR24300350_trim.2.fq.gz
java.io.EOFException: Unexpected end of ZLIB input stream
	at java.util.zip.InflaterInputStream.fill(InflaterInputStream.java:240)
	at java.util.zip.InflaterInputStream.read(InflaterInputStream.java:158)
	at java.util.zip.GZIPInputStream.read(GZIPInputStream.java:117)
	at uk.ac.babraham.FastQC.Utilities.MultiMemberGZIPInputStream.read(MultiMemberGZIPInputStream.java:68)
	at sun.nio.cs.StreamDecoder.readBytes(StreamDecoder.java:284)
	at sun.nio.cs.StreamDecoder.implRead(StreamDecoder.java:326)
	at sun.nio.cs.StreamDecoder.read(StreamDecoder.java:178)
	at java.io.InputStreamReader.read(InputStreamReader.java:184)
	at java.io.BufferedReader.fill(BufferedReader.java:161)
	at java.io.BufferedReader.readLine(BufferedReader.java:324)
	at java.io.BufferedReader.readLine(BufferedReader.java:389)
	at uk.ac.babraham.FastQC.Sequence.FastQFile.readNext(FastQFile.java:138)
	at uk.ac.babraham.FastQC.Sequence.FastQFile.next(FastQFile.java:125)
	at uk.ac.babraham.FastQC.Analysis.AnalysisRunner.run(AnalysisRunner.java:76)
	at java.lang.Thread.run(Thread.java:748)
Approx 65% complete for SRR24300349_trim.2.fq.gz
Approx 15% complete for SRR24300357_trim.2.fq.gz
Approx 75% complete for SRR24300350_trim.2.fq.gz
Approx 70% complete for SRR24300349_trim.2.fq.gz
Approx 80% complete for SRR24300350_trim.2.fq.gz
Approx 20% complete for SRR24300357_trim.2.fq.gz
Approx 75% complete for SRR24300349_trim.2.fq.gz
Approx 85% complete for SRR24300350_trim.2.fq.gz
Approx 25% complete for SRR24300357_trim.2.fq.gz
Approx 80% complete for SRR24300349_trim.2.fq.gz
Approx 90% complete for SRR24300350_trim.2.fq.gz
Approx 30% complete for SRR24300357_trim.2.fq.gz
Approx 85% complete for SRR24300349_trim.2.fq.gz
Approx 95% complete for SRR24300350_trim.2.fq.gz
Approx 35% complete for SRR24300357_trim.2.fq.gz
Approx 90% complete for SRR24300349_trim.2.fq.gz
Approx 100% complete for SRR24300350_trim.2.fq.gz
Approx 40% complete for SRR24300357_trim.2.fq.gz
Approx 95% complete for SRR24300349_trim.2.fq.gz
Approx 45% complete for SRR24300357_trim.2.fq.gz
It seems our guess for the total number of records wasn't very good.  Sorry about that.
Still going at 105% complete for SRR24300350_trim.2.fq.gz
java.io.EOFException: Unexpected end of ZLIB input stream
	at java.util.zip.InflaterInputStream.fill(InflaterInputStream.java:240)
	at java.util.zip.InflaterInputStream.read(InflaterInputStream.java:158)
	at java.util.zip.GZIPInputStream.read(GZIPInputStream.java:117)
	at uk.ac.babraham.FastQC.Utilities.MultiMemberGZIPInputStream.read(MultiMemberGZIPInputStream.java:68)
	at sun.nio.cs.StreamDecoder.readBytes(StreamDecoder.java:284)
	at sun.nio.cs.StreamDecoder.implRead(StreamDecoder.java:326)
	at sun.nio.cs.StreamDecoder.read(StreamDecoder.java:178)
	at java.io.InputStreamReader.read(InputStreamReader.java:184)
	at java.io.BufferedReader.fill(BufferedReader.java:161)
	at java.io.BufferedReader.readLine(BufferedReader.java:324)
	at java.io.BufferedReader.readLine(BufferedReader.java:389)
	at uk.ac.babraham.FastQC.Sequence.FastQFile.readNext(FastQFile.java:138)
	at uk.ac.babraham.FastQC.Sequence.FastQFile.next(FastQFile.java:125)
	at uk.ac.babraham.FastQC.Analysis.AnalysisRunner.run(AnalysisRunner.java:76)
	at java.lang.Thread.run(Thread.java:748)
Approx 100% complete for SRR24300349_trim.2.fq.gz
Approx 50% complete for SRR24300357_trim.2.fq.gz
It seems our guess for the total number of records wasn't very good.  Sorry about that.
Still going at 105% complete for SRR24300349_trim.2.fq.gz
Approx 55% complete for SRR24300357_trim.2.fq.gz
Failed to process file SRR24300349_trim.2.fq.gz
uk.ac.babraham.FastQC.Sequence.SequenceFormatException: Ran out of data in the middle of a fastq entry.  Your file is probably truncated
	at uk.ac.babraham.FastQC.Sequence.FastQFile.readNext(FastQFile.java:179)
	at uk.ac.babraham.FastQC.Sequence.FastQFile.next(FastQFile.java:125)
	at uk.ac.babraham.FastQC.Analysis.AnalysisRunner.run(AnalysisRunner.java:76)
	at java.lang.Thread.run(Thread.java:748)
Approx 60% complete for SRR24300357_trim.2.fq.gz
Approx 65% complete for SRR24300357_trim.2.fq.gz
Approx 70% complete for SRR24300357_trim.2.fq.gz
Approx 75% complete for SRR24300357_trim.2.fq.gz
Approx 80% complete for SRR24300357_trim.2.fq.gz
Approx 85% complete for SRR24300357_trim.2.fq.gz
Approx 90% complete for SRR24300357_trim.2.fq.gz
Approx 95% complete for SRR24300357_trim.2.fq.gz
Approx 100% complete for SRR24300357_trim.2.fq.gz
[WARNING]         multiqc : MultiQC Version v1.28 now available!
[INFO   ]         multiqc : This is MultiQC v1.9
[INFO   ]         multiqc : Template    : default
[INFO   ]         multiqc : Searching   : /scratch/cclarke/11_final_proj/5312-Final-Project/results/02_qc/fastqc_trimmed
[INFO   ]          fastqc : Found 12 reports
[INFO   ]         multiqc : Compressing plot data
[WARNING]         multiqc : Deleting    : ../../results/02_qc/fastqc_trimmed/multiqc/multiqc_report.html   (-f was specified)
[WARNING]         multiqc : Deleting    : ../../results/02_qc/fastqc_trimmed/multiqc/multiqc_data   (-f was specified)
[INFO   ]         multiqc : Report      : ../../results/02_qc/fastqc_trimmed/multiqc/multiqc_report.html
[INFO   ]         multiqc : Data        : ../../results/02_qc/fastqc_trimmed/multiqc/multiqc_data
[INFO   ]         multiqc : MultiQC complete
