Started analysis of SRR24300331_1.fastq.gz
Started analysis of SRR24300332_1.fastq.gz
Started analysis of SRR24300333_1.fastq.gz
Started analysis of SRR24300335_1.fastq.gz
Started analysis of SRR24300349_1.fastq.gz
Started analysis of SRR24300350_1.fastq.gz
Approx 5% complete for SRR24300332_1.fastq.gz
Approx 5% complete for SRR24300333_1.fastq.gz
Approx 5% complete for SRR24300331_1.fastq.gz
Approx 5% complete for SRR24300335_1.fastq.gz
Approx 10% complete for SRR24300332_1.fastq.gz
Approx 10% complete for SRR24300333_1.fastq.gz
Approx 10% complete for SRR24300331_1.fastq.gz
Approx 10% complete for SRR24300335_1.fastq.gz
Approx 15% complete for SRR24300332_1.fastq.gz
Approx 5% complete for SRR24300349_1.fastq.gz
Approx 5% complete for SRR24300350_1.fastq.gz
Approx 15% complete for SRR24300333_1.fastq.gz
Approx 15% complete for SRR24300331_1.fastq.gz
Approx 15% complete for SRR24300335_1.fastq.gz
Approx 20% complete for SRR24300332_1.fastq.gz
Approx 20% complete for SRR24300333_1.fastq.gz
Approx 20% complete for SRR24300331_1.fastq.gz
Approx 20% complete for SRR24300335_1.fastq.gz
Approx 25% complete for SRR24300332_1.fastq.gz
Approx 25% complete for SRR24300333_1.fastq.gz
Approx 25% complete for SRR24300331_1.fastq.gz
Approx 10% complete for SRR24300349_1.fastq.gz
Approx 25% complete for SRR24300335_1.fastq.gz
Approx 30% complete for SRR24300332_1.fastq.gz
Approx 10% complete for SRR24300350_1.fastq.gz
Approx 30% complete for SRR24300333_1.fastq.gz
Approx 30% complete for SRR24300331_1.fastq.gz
Approx 35% complete for SRR24300332_1.fastq.gz
Approx 30% complete for SRR24300335_1.fastq.gz
Approx 35% complete for SRR24300333_1.fastq.gz
Approx 40% complete for SRR24300332_1.fastq.gz
Approx 35% complete for SRR24300331_1.fastq.gz
Approx 35% complete for SRR24300335_1.fastq.gz
Approx 40% complete for SRR24300333_1.fastq.gz
Approx 15% complete for SRR24300349_1.fastq.gz
Approx 45% complete for SRR24300332_1.fastq.gz
Approx 15% complete for SRR24300350_1.fastq.gz
Approx 40% complete for SRR24300331_1.fastq.gz
Approx 40% complete for SRR24300335_1.fastq.gz
Approx 45% complete for SRR24300333_1.fastq.gz
Approx 50% complete for SRR24300332_1.fastq.gz
Approx 45% complete for SRR24300331_1.fastq.gz
Approx 45% complete for SRR24300335_1.fastq.gz
Approx 50% complete for SRR24300333_1.fastq.gz
Approx 55% complete for SRR24300332_1.fastq.gz
Approx 50% complete for SRR24300331_1.fastq.gz
Approx 20% complete for SRR24300349_1.fastq.gz
Approx 50% complete for SRR24300335_1.fastq.gz
Approx 55% complete for SRR24300333_1.fastq.gz
Approx 60% complete for SRR24300332_1.fastq.gz
Approx 20% complete for SRR24300350_1.fastq.gz
Approx 55% complete for SRR24300331_1.fastq.gz
Approx 60% complete for SRR24300333_1.fastq.gz
Approx 55% complete for SRR24300335_1.fastq.gz
Approx 65% complete for SRR24300332_1.fastq.gz
Approx 60% complete for SRR24300331_1.fastq.gz
Approx 65% complete for SRR24300333_1.fastq.gz
Approx 70% complete for SRR24300332_1.fastq.gz
Approx 60% complete for SRR24300335_1.fastq.gz
Approx 25% complete for SRR24300349_1.fastq.gz
Approx 75% complete for SRR24300332_1.fastq.gz
Approx 70% complete for SRR24300333_1.fastq.gz
Approx 25% complete for SRR24300350_1.fastq.gz
Approx 65% complete for SRR24300331_1.fastq.gz
Approx 65% complete for SRR24300335_1.fastq.gz
Approx 80% complete for SRR24300332_1.fastq.gz
Approx 75% complete for SRR24300333_1.fastq.gz
Approx 70% complete for SRR24300331_1.fastq.gz
Approx 70% complete for SRR24300335_1.fastq.gz
Approx 85% complete for SRR24300332_1.fastq.gz
Approx 80% complete for SRR24300333_1.fastq.gz
Approx 30% complete for SRR24300349_1.fastq.gz
Approx 75% complete for SRR24300331_1.fastq.gz
Approx 75% complete for SRR24300335_1.fastq.gz
Approx 90% complete for SRR24300332_1.fastq.gz
Approx 30% complete for SRR24300350_1.fastq.gz
Approx 85% complete for SRR24300333_1.fastq.gz
Approx 80% complete for SRR24300331_1.fastq.gz
Approx 80% complete for SRR24300335_1.fastq.gz
Approx 95% complete for SRR24300332_1.fastq.gz
Approx 90% complete for SRR24300333_1.fastq.gz
Approx 85% complete for SRR24300331_1.fastq.gz
Started analysis of SRR24300357_1.fastq.gz
Approx 85% complete for SRR24300335_1.fastq.gz
Approx 35% complete for SRR24300349_1.fastq.gz
Approx 95% complete for SRR24300333_1.fastq.gz
Approx 90% complete for SRR24300331_1.fastq.gz
Approx 35% complete for SRR24300350_1.fastq.gz
Approx 90% complete for SRR24300335_1.fastq.gz
Approx 5% complete for SRR24300357_1.fastq.gz
Approx 95% complete for SRR24300331_1.fastq.gz
Approx 95% complete for SRR24300335_1.fastq.gz
Approx 40% complete for SRR24300349_1.fastq.gz
Approx 10% complete for SRR24300357_1.fastq.gz
Approx 40% complete for SRR24300350_1.fastq.gz
Approx 15% complete for SRR24300357_1.fastq.gz
Approx 45% complete for SRR24300349_1.fastq.gz
Approx 20% complete for SRR24300357_1.fastq.gz
Approx 45% complete for SRR24300350_1.fastq.gz
Approx 25% complete for SRR24300357_1.fastq.gz
Approx 50% complete for SRR24300349_1.fastq.gz
Approx 30% complete for SRR24300357_1.fastq.gz
Approx 50% complete for SRR24300350_1.fastq.gz
Approx 35% complete for SRR24300357_1.fastq.gz
Approx 55% complete for SRR24300349_1.fastq.gz
Approx 55% complete for SRR24300350_1.fastq.gz
Approx 40% complete for SRR24300357_1.fastq.gz
Approx 60% complete for SRR24300349_1.fastq.gz
Approx 45% complete for SRR24300357_1.fastq.gz
Approx 60% complete for SRR24300350_1.fastq.gz
Approx 50% complete for SRR24300357_1.fastq.gz
Approx 65% complete for SRR24300349_1.fastq.gz
Approx 55% complete for SRR24300357_1.fastq.gz
Approx 65% complete for SRR24300350_1.fastq.gz
Approx 60% complete for SRR24300357_1.fastq.gz
Approx 70% complete for SRR24300349_1.fastq.gz
Approx 65% complete for SRR24300357_1.fastq.gz
Approx 70% complete for SRR24300350_1.fastq.gz
Approx 75% complete for SRR24300349_1.fastq.gz
Approx 70% complete for SRR24300357_1.fastq.gz
Approx 75% complete for SRR24300350_1.fastq.gz
Approx 75% complete for SRR24300357_1.fastq.gz
Approx 80% complete for SRR24300349_1.fastq.gz
Approx 80% complete for SRR24300357_1.fastq.gz
Approx 80% complete for SRR24300350_1.fastq.gz
Approx 85% complete for SRR24300357_1.fastq.gz
Approx 85% complete for SRR24300349_1.fastq.gz
Approx 90% complete for SRR24300357_1.fastq.gz
Approx 85% complete for SRR24300350_1.fastq.gz
Approx 90% complete for SRR24300349_1.fastq.gz
Approx 95% complete for SRR24300357_1.fastq.gz
Approx 90% complete for SRR24300350_1.fastq.gz
Approx 95% complete for SRR24300349_1.fastq.gz
Approx 95% complete for SRR24300350_1.fastq.gz
Skipping '../../data/WSG/*2.fastq.gz' which didn't exist, or couldn't be read
[WARNING]         multiqc : MultiQC Version v1.28 now available!
[INFO   ]         multiqc : This is MultiQC v1.9
[INFO   ]         multiqc : Template    : default
[INFO   ]         multiqc : Searching   : /scratch/cclarke/11_final_proj/5312-Final-Project/results/02_qc/fastqc_raw
[INFO   ]          fastqc : Found 7 reports
[INFO   ]         multiqc : Compressing plot data
[WARNING]         multiqc : Deleting    : ../../results/02_qc/fastqc_raw/multiqc/multiqc_data   (-f was specified)
Traceback (most recent call last):
  File "/isg/shared/apps/MultiQC/1.9/bin/multiqc", line 5, in <module>
    from multiqc.__main__ import multiqc
  File "/isg/shared/apps/MultiQC/1.9/lib/python3.6/site-packages/multiqc/__main__.py", line 44, in <module>
    multiqc.run_cli(prog_name='multiqc')
  File "/isg/shared/apps/MultiQC/1.9/lib/python3.6/site-packages/click/core.py", line 829, in __call__
    return self.main(*args, **kwargs)
  File "/isg/shared/apps/MultiQC/1.9/lib/python3.6/site-packages/click/core.py", line 782, in main
    rv = self.invoke(ctx)
  File "/isg/shared/apps/MultiQC/1.9/lib/python3.6/site-packages/click/core.py", line 1066, in invoke
    return ctx.invoke(self.callback, **ctx.params)
  File "/isg/shared/apps/MultiQC/1.9/lib/python3.6/site-packages/click/core.py", line 610, in invoke
    return callback(*args, **kwargs)
  File "/isg/shared/apps/MultiQC/1.9/lib/python3.6/site-packages/multiqc/multiqc.py", line 251, in run_cli
    kwargs=kwargs
  File "/isg/shared/apps/MultiQC/1.9/lib/python3.6/site-packages/multiqc/multiqc.py", line 748, in run
    shutil.rmtree(config.data_dir)
  File "/isg/shared/apps/MultiQC/1.9/lib64/python3.6/shutil.py", line 486, in rmtree
    _rmtree_safe_fd(fd, path, onerror)
  File "/isg/shared/apps/MultiQC/1.9/lib64/python3.6/shutil.py", line 444, in _rmtree_safe_fd
    onerror(os.unlink, fullname, sys.exc_info())
  File "/isg/shared/apps/MultiQC/1.9/lib64/python3.6/shutil.py", line 442, in _rmtree_safe_fd
    os.unlink(name, dir_fd=topfd)
FileNotFoundError: [Errno 2] No such file or directory: 'multiqc_fastqc.txt'
