Started analysis of SRR24300331_1.fastq.gz
Started analysis of SRR24300332_1.fastq.gz
Started analysis of SRR24300333_1.fastq.gz
Started analysis of SRR24300335_1.fastq.gz
Started analysis of SRR24300349_1.fastq.gz
Started analysis of SRR24300350_1.fastq.gz
Approx 5% complete for SRR24300332_1.fastq.gz
Approx 5% complete for SRR24300333_1.fastq.gz
Approx 5% complete for SRR24300331_1.fastq.gz
Approx 5% complete for SRR24300335_1.fastq.gz
Approx 10% complete for SRR24300332_1.fastq.gz
Approx 10% complete for SRR24300333_1.fastq.gz
Approx 10% complete for SRR24300331_1.fastq.gz
Approx 10% complete for SRR24300335_1.fastq.gz
Approx 15% complete for SRR24300332_1.fastq.gz
Approx 5% complete for SRR24300349_1.fastq.gz
Approx 5% complete for SRR24300350_1.fastq.gz
Approx 15% complete for SRR24300333_1.fastq.gz
Approx 15% complete for SRR24300331_1.fastq.gz
Approx 15% complete for SRR24300335_1.fastq.gz
Approx 20% complete for SRR24300332_1.fastq.gz
Approx 20% complete for SRR24300333_1.fastq.gz
Approx 20% complete for SRR24300331_1.fastq.gz
Approx 20% complete for SRR24300335_1.fastq.gz
Approx 25% complete for SRR24300332_1.fastq.gz
Approx 25% complete for SRR24300333_1.fastq.gz
Approx 25% complete for SRR24300331_1.fastq.gz
Approx 10% complete for SRR24300349_1.fastq.gz
Approx 25% complete for SRR24300335_1.fastq.gz
Approx 30% complete for SRR24300332_1.fastq.gz
Approx 10% complete for SRR24300350_1.fastq.gz
Approx 30% complete for SRR24300333_1.fastq.gz
Approx 30% complete for SRR24300331_1.fastq.gz
Approx 35% complete for SRR24300332_1.fastq.gz
Approx 30% complete for SRR24300335_1.fastq.gz
Approx 35% complete for SRR24300333_1.fastq.gz
Approx 40% complete for SRR24300332_1.fastq.gz
Approx 35% complete for SRR24300331_1.fastq.gz
Approx 35% complete for SRR24300335_1.fastq.gz
Approx 40% complete for SRR24300333_1.fastq.gz
Approx 15% complete for SRR24300349_1.fastq.gz
Approx 45% complete for SRR24300332_1.fastq.gz
Approx 15% complete for SRR24300350_1.fastq.gz
Approx 40% complete for SRR24300331_1.fastq.gz
Approx 40% complete for SRR24300335_1.fastq.gz
Approx 45% complete for SRR24300333_1.fastq.gz
Approx 50% complete for SRR24300332_1.fastq.gz
Approx 45% complete for SRR24300331_1.fastq.gz
Approx 45% complete for SRR24300335_1.fastq.gz
Approx 50% complete for SRR24300333_1.fastq.gz
Approx 55% complete for SRR24300332_1.fastq.gz
Approx 50% complete for SRR24300331_1.fastq.gz
Approx 20% complete for SRR24300349_1.fastq.gz
Approx 50% complete for SRR24300335_1.fastq.gz
Approx 55% complete for SRR24300333_1.fastq.gz
Approx 60% complete for SRR24300332_1.fastq.gz
Approx 20% complete for SRR24300350_1.fastq.gz
Approx 55% complete for SRR24300331_1.fastq.gz
Approx 60% complete for SRR24300333_1.fastq.gz
Approx 55% complete for SRR24300335_1.fastq.gz
Approx 65% complete for SRR24300332_1.fastq.gz
Approx 60% complete for SRR24300331_1.fastq.gz
Approx 70% complete for SRR24300332_1.fastq.gz
Approx 65% complete for SRR24300333_1.fastq.gz
Approx 60% complete for SRR24300335_1.fastq.gz
Approx 25% complete for SRR24300349_1.fastq.gz
Approx 75% complete for SRR24300332_1.fastq.gz
Approx 70% complete for SRR24300333_1.fastq.gz
Approx 65% complete for SRR24300331_1.fastq.gz
Approx 25% complete for SRR24300350_1.fastq.gz
Approx 65% complete for SRR24300335_1.fastq.gz
Approx 80% complete for SRR24300332_1.fastq.gz
Approx 75% complete for SRR24300333_1.fastq.gz
Approx 70% complete for SRR24300331_1.fastq.gz
Approx 70% complete for SRR24300335_1.fastq.gz
Approx 85% complete for SRR24300332_1.fastq.gz
Approx 80% complete for SRR24300333_1.fastq.gz
Approx 30% complete for SRR24300349_1.fastq.gz
Approx 75% complete for SRR24300331_1.fastq.gz
Approx 75% complete for SRR24300335_1.fastq.gz
Approx 90% complete for SRR24300332_1.fastq.gz
Approx 30% complete for SRR24300350_1.fastq.gz
Approx 85% complete for SRR24300333_1.fastq.gz
Approx 80% complete for SRR24300331_1.fastq.gz
Approx 80% complete for SRR24300335_1.fastq.gz
Approx 95% complete for SRR24300332_1.fastq.gz
Approx 90% complete for SRR24300333_1.fastq.gz
Approx 85% complete for SRR24300331_1.fastq.gz
Started analysis of SRR24300357_1.fastq.gz
Approx 85% complete for SRR24300335_1.fastq.gz
Approx 35% complete for SRR24300349_1.fastq.gz
Approx 95% complete for SRR24300333_1.fastq.gz
Approx 90% complete for SRR24300331_1.fastq.gz
Approx 35% complete for SRR24300350_1.fastq.gz
Approx 90% complete for SRR24300335_1.fastq.gz
Approx 5% complete for SRR24300357_1.fastq.gz
Approx 95% complete for SRR24300331_1.fastq.gz
Approx 95% complete for SRR24300335_1.fastq.gz
Approx 40% complete for SRR24300349_1.fastq.gz
Approx 10% complete for SRR24300357_1.fastq.gz
Approx 40% complete for SRR24300350_1.fastq.gz
Approx 15% complete for SRR24300357_1.fastq.gz
Approx 45% complete for SRR24300349_1.fastq.gz
Approx 20% complete for SRR24300357_1.fastq.gz
Approx 45% complete for SRR24300350_1.fastq.gz
Approx 25% complete for SRR24300357_1.fastq.gz
Approx 50% complete for SRR24300349_1.fastq.gz
Approx 30% complete for SRR24300357_1.fastq.gz
Approx 50% complete for SRR24300350_1.fastq.gz
Approx 35% complete for SRR24300357_1.fastq.gz
Approx 55% complete for SRR24300349_1.fastq.gz
Approx 55% complete for SRR24300350_1.fastq.gz
Approx 40% complete for SRR24300357_1.fastq.gz
Approx 60% complete for SRR24300349_1.fastq.gz
Approx 45% complete for SRR24300357_1.fastq.gz
Approx 60% complete for SRR24300350_1.fastq.gz
Approx 50% complete for SRR24300357_1.fastq.gz
Approx 65% complete for SRR24300349_1.fastq.gz
Approx 55% complete for SRR24300357_1.fastq.gz
Approx 65% complete for SRR24300350_1.fastq.gz
Approx 60% complete for SRR24300357_1.fastq.gz
Approx 70% complete for SRR24300349_1.fastq.gz
Approx 65% complete for SRR24300357_1.fastq.gz
Approx 70% complete for SRR24300350_1.fastq.gz
Approx 75% complete for SRR24300349_1.fastq.gz
Approx 70% complete for SRR24300357_1.fastq.gz
Approx 75% complete for SRR24300357_1.fastq.gz
Approx 75% complete for SRR24300350_1.fastq.gz
Approx 80% complete for SRR24300349_1.fastq.gz
Approx 80% complete for SRR24300357_1.fastq.gz
Approx 80% complete for SRR24300350_1.fastq.gz
Approx 85% complete for SRR24300357_1.fastq.gz
Approx 85% complete for SRR24300349_1.fastq.gz
Approx 90% complete for SRR24300357_1.fastq.gz
Approx 85% complete for SRR24300350_1.fastq.gz
Approx 90% complete for SRR24300349_1.fastq.gz
Approx 95% complete for SRR24300357_1.fastq.gz
Approx 90% complete for SRR24300350_1.fastq.gz
Approx 95% complete for SRR24300349_1.fastq.gz
Approx 95% complete for SRR24300350_1.fastq.gz
Skipping '../../data/WSG/*2.fastq.gz' which didn't exist, or couldn't be read
[WARNING]         multiqc : MultiQC Version v1.28 now available!
[INFO   ]         multiqc : This is MultiQC v1.9
[INFO   ]         multiqc : Template    : default
[INFO   ]         multiqc : Searching   : /scratch/cclarke/11_final_proj/5312-Final-Project/results/02_qc/fastqc_raw
[INFO   ]          fastqc : Found 7 reports
[INFO   ]         multiqc : Compressing plot data
[WARNING]         multiqc : Deleting    : ../../results/02_qc/fastqc_raw/multiqc/multiqc_report.html   (-f was specified)
[WARNING]         multiqc : Deleting    : ../../results/02_qc/fastqc_raw/multiqc/multiqc_data   (-f was specified)
[INFO   ]         multiqc : Report      : ../../results/02_qc/fastqc_raw/multiqc/multiqc_report.html
[INFO   ]         multiqc : Data        : ../../results/02_qc/fastqc_raw/multiqc/multiqc_data
[INFO   ]         multiqc : MultiQC complete
