Note: We recommend using the xeon partition to support AVX instruction set calls from the GATK haplotype caller
tbx_index_build failed: https://ftp.ncbi.nlm.nih.gov/genomes/all/GCF/000/002/285/GCF_000002285.5_Dog10K_Boxer_Tasha/GCF_000002285.5_Dog10K_Boxer_Tasha_assembly_structure/Primary_Assembly/assembled_chromosomes/FASTA/chr37.fna.gz
Using GATK jar /isg/shared/apps/GATK/4.1.3.0/gatk-package-4.1.3.0-local.jar
Running:
    java -Dsamjdk.use_async_io_read_samtools=false -Dsamjdk.use_async_io_write_samtools=true -Dsamjdk.use_async_io_write_tribble=false -Dsamjdk.compression_level=2 -jar /isg/shared/apps/GATK/4.1.3.0/gatk-package-4.1.3.0-local.jar UpdateVCFSequenceDictionary -V ../../results/06_Annotate/dbSNP/chr37.dbsnp.vcf.gz --source-dictionary ../../results/05_variantCalling/freebayes//freebayes_normAP.vcf.gz --output ../../results/06_Annotate/dbSNP/chr37.dbsnp.contig.vcf.gz --replace=true
12:51:56.785 INFO  NativeLibraryLoader - Loading libgkl_compression.so from jar:file:/isg/shared/apps/GATK/4.1.3.0/gatk-package-4.1.3.0-local.jar!/com/intel/gkl/native/libgkl_compression.so
May 11, 2025 12:51:59 PM shaded.cloud_nio.com.google.auth.oauth2.ComputeEngineCredentials runningOnComputeEngine
INFO: Failed to detect whether we are running on Google Compute Engine.
12:51:59.767 INFO  UpdateVCFSequenceDictionary - ------------------------------------------------------------
12:51:59.767 INFO  UpdateVCFSequenceDictionary - The Genome Analysis Toolkit (GATK) v4.1.3.0
12:51:59.767 INFO  UpdateVCFSequenceDictionary - For support and documentation go to https://software.broadinstitute.org/gatk/
12:51:59.771 INFO  UpdateVCFSequenceDictionary - Executing as cclarke@xanadu-01 on Linux v3.10.0-1160.45.1.el7.x86_64 amd64
12:51:59.771 INFO  UpdateVCFSequenceDictionary - Java runtime: Java HotSpot(TM) 64-Bit Server VM v1.8.0_92-b14
12:51:59.772 INFO  UpdateVCFSequenceDictionary - Start Date/Time: May 11, 2025 12:51:56 PM EDT
12:51:59.772 INFO  UpdateVCFSequenceDictionary - ------------------------------------------------------------
12:51:59.772 INFO  UpdateVCFSequenceDictionary - ------------------------------------------------------------
12:51:59.773 INFO  UpdateVCFSequenceDictionary - HTSJDK Version: 2.20.1
12:51:59.773 INFO  UpdateVCFSequenceDictionary - Picard Version: 2.20.5
12:51:59.773 INFO  UpdateVCFSequenceDictionary - HTSJDK Defaults.COMPRESSION_LEVEL : 2
12:51:59.773 INFO  UpdateVCFSequenceDictionary - HTSJDK Defaults.USE_ASYNC_IO_READ_FOR_SAMTOOLS : false
12:51:59.773 INFO  UpdateVCFSequenceDictionary - HTSJDK Defaults.USE_ASYNC_IO_WRITE_FOR_SAMTOOLS : true
12:51:59.773 INFO  UpdateVCFSequenceDictionary - HTSJDK Defaults.USE_ASYNC_IO_WRITE_FOR_TRIBBLE : false
12:51:59.773 INFO  UpdateVCFSequenceDictionary - Deflater: IntelDeflater
12:51:59.773 INFO  UpdateVCFSequenceDictionary - Inflater: IntelInflater
12:51:59.773 INFO  UpdateVCFSequenceDictionary - GCS max retries/reopens: 20
12:51:59.774 INFO  UpdateVCFSequenceDictionary - Requester pays: disabled
12:51:59.774 INFO  UpdateVCFSequenceDictionary - Initializing engine
12:52:00.117 INFO  UpdateVCFSequenceDictionary - Shutting down engine
[May 11, 2025 12:52:00 PM EDT] org.broadinstitute.hellbender.tools.walkers.variantutils.UpdateVCFSequenceDictionary done. Elapsed time: 0.06 minutes.
Runtime.totalMemory()=2198863872
***********************************************************************

A USER ERROR has occurred: Cannot read file:///scratch/cclarke/11_final_proj/5312-Final-Project/scripts/06_filteringAnnotating/../../results/06_Annotate/dbSNP/chr37.dbsnp.vcf.gz because no suitable codecs found

***********************************************************************
Set the system property GATK_STACKTRACE_ON_USER_EXCEPTION (--java-options '-DGATK_STACKTRACE_ON_USER_EXCEPTION=true') to print the stack trace.
tbx_index_build failed: ../../results/06_Annotate/dbSNP/chr37.dbsnp.contig.vcf.gz
[E::hts_open_format] Failed to open file ../../results/06_Annotate/dbSNP/chr37.dbsnp.contig.vcf.gz
/var/spool/slurm/slurmd/job9084639/slurm_script: line 47: 1601558 Segmentation fault      bcftools annotate -c ID --output-type z -a ${OUTDIR}/chr37.dbsnp.contig.vcf.gz ${INDIR}/freebayes_normAP.vcf.gz > ${OUTDIR}/freebayes_normAP.RSID.vcf.gz
