mkdir: cannot create directory ‘newtmpdir’: File exists
spots read      : 79,463,527
reads read      : 158,927,036
reads written   : 158,927,036
spots read      : 92,954,206
reads read      : 185,908,412
reads written   : 185,908,412
spots read      : 85,135,387
reads read      : 170,270,221
reads written   : 170,270,221
spots read      : 95,679,136
reads read      : 191,358,272
reads written   : 95,679,136
reads 0-length  : 95,679,136
spots read      : 87,557,279
reads read      : 175,114,558
reads written   : 87,557,279
reads 0-length  : 87,557,279
spots read      : 93,363,379
reads read      : 186,726,758
reads written   : 186,726,758
spots read      : 232,869,727
reads read      : 465,739,454
reads written   : 465,739,454
spots read      : 243,403,676
reads read      : 486,807,352
reads written   : 486,807,352
spots read      : 115,946,748
reads read      : 231,893,496
reads written   : 115,946,748
reads 0-length  : 115,946,748
spots read      : 134,182,430
reads read      : 268,364,860
reads written   : 268,364,860
gzip: ../../data/WGS/SRR24300331_1.fastq.gz already exists;	not overwritten
gzip: ../../data/WGS/SRR24300331_2.fastq.gz already exists;	not overwritten
gzip: ../../data/WGS/SRR24300332_1.fastq.gz already exists;	not overwritten
gzip: ../../data/WGS/SRR24300332_2.fastq.gz already exists;	not overwritten
gzip: ../../data/WGS/SRR24300333_1.fastq.gz already exists;	not overwritten
gzip: ../../data/WGS/SRR24300333_2.fastq.gz already exists;	not overwritten
gzip: ../../data/WGS/SRR24300335_1.fastq.gz already exists;	not overwritten
gzip: ../../data/WGS/SRR24300335_2.fastq.gz already exists;	not overwritten
gzip: ../../data/WGS/SRR24300357_1.fastq.gz already exists;	not overwritten
gzip: ../../data/WGS/SRR24300357_2.fastq.gz already exists;	not overwritten
